[90m2023-12-28T01:52:27.489Z[39m [96mINFO[39m [97m@wdio/browserstack-service[39m Using app: bs://d9187b567098c9007bb381ee7f582b02f1882e8b
[90m2023-12-28T01:52:27.489Z[39m [33mWARN[39m [97m@wdio/browserstack-service[39m Skipping buildIdentifier as buildName is not passed.
[90m2023-12-28T01:52:27.490Z[39m [32mDEBUG[39m [97m@wdio/browserstack-service[39m Sending launch start event
[90m2023-12-28T01:52:29.702Z[39m [32mDEBUG[39m [97m@wdio/browserstack-service[39m [Start_Build] Success response: {"build_hashed_id":"zuozxzvdiattbkfn3foi8szm2ftwk6es33hfzzkm","jwt":"eyJhbGciOiJIUzI1NiJ9.eyJpc3MiOiJicm93c2Vyc3RhY2tfb2IiLCJzdWIiOiI0MzI1MTkxIiwiZ3JvdXBfaWQiOjQyNzM3MDAsInVzZXJfaWQiOjQzMjUxOTEsImJ1aWxkX2hhc2hlZF9pZCI6Inp1b3p4enZkaWF0dGJrZm4zZm9pOHN6bTJmdHdrNmVzMzNoZnp6a20iLCJob29rX2FzX3Rlc3QiOiIxIiwiaWF0IjoxNzAzNzI4MzQ5LCJleHAiOjE3MDQwNzM5NDl9.J5Z4TLeuV0I_473oZPdLHb2ZqfxjqvtajImRwmPCiwM","allow_screenshots":true}
[90m2023-12-28T01:52:36.408Z[39m [96mINFO[39m [97m@wdio/browserstack-service[39m Browserstack Local successfully started after 6700.272458076477ms
[90m2023-12-28T01:53:11.290Z[39m [32mDEBUG[39m [97m@wdio/browserstack-service[39m Requesting Browserstack session URL at https://api-cloud.browserstack.com/app-automate/sessions/93fa84f402372d59b691912962b42717c288350a.json
[90m2023-12-28T01:53:12.894Z[39m [96mINFO[39m [97m@wdio/browserstack-service[39m  session: https://app-automate.browserstack.com/builds/a80f5653567bbbf6304ae7f26225654ff6976235/sessions/93fa84f402372d59b691912962b42717c288350a
[90m2023-12-28T01:53:12.914Z[39m [96mINFO[39m [97m@wdio/browserstack-service[39m Update job with sessionId 93fa84f402372d59b691912962b42717c288350a
[90m2023-12-28T01:53:12.914Z[39m [32mDEBUG[39m [97m@wdio/browserstack-service[39m Updating Browserstack session at https://api-cloud.browserstack.com/app-automate/sessions/93fa84f402372d59b691912962b42717c288350a.json with request body: 
[90m2023-12-28T01:53:13.329Z[39m [32mDEBUG[39m [97m@wdio/browserstack-service[39m Added data to request queue. Queue length = 1
[90m2023-12-28T01:53:13.676Z[39m [32mDEBUG[39m [97m@wdio/browserstack-service[39m Added data to request queue. Queue length = 2
[90m2023-12-28T01:53:14.771Z[39m [32mDEBUG[39m [97m@wdio/browserstack-service[39m Sending data from request queue. Data length = 2, Queue length after removal = 0
[90m2023-12-28T01:53:14.963Z[39m [32mDEBUG[39m [97m@wdio/browserstack-service[39m Added data to request queue. Queue length = 1
[90m2023-12-28T01:53:15.287Z[39m [32mDEBUG[39m [97m@wdio/browserstack-service[39m Added data to request queue. Queue length = 2
[90m2023-12-28T01:53:15.768Z[39m [32mDEBUG[39m [97m@wdio/browserstack-service[39m [INTERVAL_QUEUE] Success response: {"success":true}
[90m2023-12-28T01:53:16.508Z[39m [32mDEBUG[39m [97m@wdio/browserstack-service[39m Added data to request queue. Queue length = 3
[90m2023-12-28T01:53:16.771Z[39m [32mDEBUG[39m [97m@wdio/browserstack-service[39m Sending data from request queue. Data length = 3, Queue length after removal = 0
[90m2023-12-28T01:53:16.782Z[39m [32mDEBUG[39m [97m@wdio/browserstack-service[39m Added data to request queue. Queue length = 1
[90m2023-12-28T01:53:16.967Z[39m [32mDEBUG[39m [97m@wdio/browserstack-service[39m [INTERVAL_QUEUE] Success response: {"success":true}
[90m2023-12-28T01:53:18.546Z[39m [32mDEBUG[39m [97m@wdio/browserstack-service[39m Added data to request queue. Queue length = 2
[90m2023-12-28T01:53:18.548Z[39m [32mDEBUG[39m [97m@wdio/browserstack-service[39m Added data to request queue. Queue length = 3
[90m2023-12-28T01:53:18.549Z[39m [96mINFO[39m [97m@wdio/browserstack-service[39m Update job with sessionId 93fa84f402372d59b691912962b42717c288350a
[90m2023-12-28T01:53:18.550Z[39m [32mDEBUG[39m [97m@wdio/browserstack-service[39m Updating Browserstack session at https://api-cloud.browserstack.com/app-automate/sessions/93fa84f402372d59b691912962b42717c288350a.json with request body: 
[90m2023-12-28T01:53:18.772Z[39m [32mDEBUG[39m [97m@wdio/browserstack-service[39m Sending data from request queue. Data length = 3, Queue length after removal = 0
[90m2023-12-28T01:53:18.975Z[39m [32mDEBUG[39m [97m@wdio/browserstack-service[39m [INTERVAL_QUEUE] Success response: {"success":true}
[90m2023-12-28T01:53:20.223Z[39m [32mDEBUG[39m [97m@wdio/browserstack-service[39m Added data to request queue. Queue length = 1
[90m2023-12-28T01:53:20.577Z[39m [32mDEBUG[39m [97m@wdio/browserstack-service[39m Added data to request queue. Queue length = 2
[90m2023-12-28T01:53:20.774Z[39m [32mDEBUG[39m [97m@wdio/browserstack-service[39m Sending data from request queue. Data length = 2, Queue length after removal = 0
[90m2023-12-28T01:53:20.884Z[39m [32mDEBUG[39m [97m@wdio/browserstack-service[39m Added data to request queue. Queue length = 1
[90m2023-12-28T01:53:20.982Z[39m [32mDEBUG[39m [97m@wdio/browserstack-service[39m [INTERVAL_QUEUE] Success response: {"success":true}
[90m2023-12-28T01:53:21.989Z[39m [32mDEBUG[39m [97m@wdio/browserstack-service[39m Added data to request queue. Queue length = 2
[90m2023-12-28T01:53:22.310Z[39m [32mDEBUG[39m [97m@wdio/browserstack-service[39m Added data to request queue. Queue length = 3
[90m2023-12-28T01:53:22.645Z[39m [32mDEBUG[39m [97m@wdio/browserstack-service[39m Added data to request queue. Queue length = 4
[90m2023-12-28T01:53:22.774Z[39m [32mDEBUG[39m [97m@wdio/browserstack-service[39m Sending data from request queue. Data length = 4, Queue length after removal = 0
[90m2023-12-28T01:53:22.973Z[39m [32mDEBUG[39m [97m@wdio/browserstack-service[39m [INTERVAL_QUEUE] Success response: {"success":true}
[90m2023-12-28T01:53:23.845Z[39m [32mDEBUG[39m [97m@wdio/browserstack-service[39m Added data to request queue. Queue length = 1
[90m2023-12-28T01:53:24.195Z[39m [32mDEBUG[39m [97m@wdio/browserstack-service[39m Added data to request queue. Queue length = 2
[90m2023-12-28T01:53:24.520Z[39m [32mDEBUG[39m [97m@wdio/browserstack-service[39m Added data to request queue. Queue length = 3
[90m2023-12-28T01:53:24.774Z[39m [32mDEBUG[39m [97m@wdio/browserstack-service[39m Sending data from request queue. Data length = 3, Queue length after removal = 0
[90m2023-12-28T01:53:24.975Z[39m [32mDEBUG[39m [97m@wdio/browserstack-service[39m [INTERVAL_QUEUE] Success response: {"success":true}
[90m2023-12-28T01:53:25.613Z[39m [32mDEBUG[39m [97m@wdio/browserstack-service[39m Added data to request queue. Queue length = 1
[90m2023-12-28T01:53:25.884Z[39m [32mDEBUG[39m [97m@wdio/browserstack-service[39m Added data to request queue. Queue length = 2
[90m2023-12-28T01:53:26.222Z[39m [32mDEBUG[39m [97m@wdio/browserstack-service[39m Added data to request queue. Queue length = 3
[90m2023-12-28T01:53:26.774Z[39m [32mDEBUG[39m [97m@wdio/browserstack-service[39m Sending data from request queue. Data length = 3, Queue length after removal = 0
[90m2023-12-28T01:53:26.971Z[39m [32mDEBUG[39m [97m@wdio/browserstack-service[39m [INTERVAL_QUEUE] Success response: {"success":true}
[90m2023-12-28T01:53:27.885Z[39m [32mDEBUG[39m [97m@wdio/browserstack-service[39m Added data to request queue. Queue length = 1
[90m2023-12-28T01:53:28.282Z[39m [32mDEBUG[39m [97m@wdio/browserstack-service[39m Added data to request queue. Queue length = 2
[90m2023-12-28T01:53:28.775Z[39m [32mDEBUG[39m [97m@wdio/browserstack-service[39m Sending data from request queue. Data length = 2, Queue length after removal = 0
[90m2023-12-28T01:53:29.000Z[39m [32mDEBUG[39m [97m@wdio/browserstack-service[39m [INTERVAL_QUEUE] Success response: {"success":true}
[90m2023-12-28T01:53:29.865Z[39m [32mDEBUG[39m [97m@wdio/browserstack-service[39m Added data to request queue. Queue length = 1
[90m2023-12-28T01:53:30.276Z[39m [32mDEBUG[39m [97m@wdio/browserstack-service[39m Added data to request queue. Queue length = 2
[90m2023-12-28T01:53:30.547Z[39m [32mDEBUG[39m [97m@wdio/browserstack-service[39m Added data to request queue. Queue length = 3
[90m2023-12-28T01:53:30.775Z[39m [32mDEBUG[39m [97m@wdio/browserstack-service[39m Sending data from request queue. Data length = 3, Queue length after removal = 0
[90m2023-12-28T01:53:30.983Z[39m [32mDEBUG[39m [97m@wdio/browserstack-service[39m [INTERVAL_QUEUE] Success response: {"success":true}
[90m2023-12-28T01:53:31.792Z[39m [32mDEBUG[39m [97m@wdio/browserstack-service[39m Added data to request queue. Queue length = 1
[90m2023-12-28T01:53:32.775Z[39m [32mDEBUG[39m [97m@wdio/browserstack-service[39m Sending data from request queue. Data length = 1, Queue length after removal = 0
[90m2023-12-28T01:53:32.992Z[39m [32mDEBUG[39m [97m@wdio/browserstack-service[39m [INTERVAL_QUEUE] Success response: {"success":true}
[90m2023-12-28T01:53:35.585Z[39m [32mDEBUG[39m [97m@wdio/browserstack-service[39m Added data to request queue. Queue length = 1
[90m2023-12-28T01:53:36.191Z[39m [32mDEBUG[39m [97m@wdio/browserstack-service[39m Added data to request queue. Queue length = 2
[90m2023-12-28T01:53:36.776Z[39m [32mDEBUG[39m [97m@wdio/browserstack-service[39m Sending data from request queue. Data length = 2, Queue length after removal = 0
[90m2023-12-28T01:53:36.816Z[39m [32mDEBUG[39m [97m@wdio/browserstack-service[39m Added data to request queue. Queue length = 1
[90m2023-12-28T01:53:36.987Z[39m [32mDEBUG[39m [97m@wdio/browserstack-service[39m [INTERVAL_QUEUE] Success response: {"success":true}
[90m2023-12-28T01:53:37.271Z[39m [32mDEBUG[39m [97m@wdio/browserstack-service[39m Added data to request queue. Queue length = 2
[90m2023-12-28T01:53:37.313Z[39m [32mDEBUG[39m [97m@wdio/browserstack-service[39m Added data to request queue. Queue length = 3
[90m2023-12-28T01:53:37.648Z[39m [32mDEBUG[39m [97m@wdio/browserstack-service[39m Added data to request queue. Queue length = 4
[90m2023-12-28T01:53:38.318Z[39m [32mDEBUG[39m [97m@wdio/browserstack-service[39m Added data to request queue. Queue length = 5
[90m2023-12-28T01:53:38.613Z[39m [32mDEBUG[39m [97m@wdio/browserstack-service[39m Added data to request queue. Queue length = 6
[90m2023-12-28T01:53:38.664Z[39m [32mDEBUG[39m [97m@wdio/browserstack-service[39m Added data to request queue. Queue length = 7
[90m2023-12-28T01:53:38.776Z[39m [32mDEBUG[39m [97m@wdio/browserstack-service[39m Sending data from request queue. Data length = 7, Queue length after removal = 0
[90m2023-12-28T01:53:39.064Z[39m [32mDEBUG[39m [97m@wdio/browserstack-service[39m [INTERVAL_QUEUE] Success response: {"success":true}
[90m2023-12-28T01:53:39.315Z[39m [32mDEBUG[39m [97m@wdio/browserstack-service[39m Added data to request queue. Queue length = 1
[90m2023-12-28T01:53:40.422Z[39m [32mDEBUG[39m [97m@wdio/browserstack-service[39m Added data to request queue. Queue length = 2
[90m2023-12-28T01:53:40.523Z[39m [32mDEBUG[39m [97m@wdio/browserstack-service[39m Added data to request queue. Queue length = 3
[90m2023-12-28T01:53:40.772Z[39m [32mDEBUG[39m [97m@wdio/browserstack-service[39m Added data to request queue. Queue length = 4
[90m2023-12-28T01:53:40.780Z[39m [32mDEBUG[39m [97m@wdio/browserstack-service[39m Sending data from request queue. Data length = 4, Queue length after removal = 0
[90m2023-12-28T01:53:40.864Z[39m [32mDEBUG[39m [97m@wdio/browserstack-service[39m Added data to request queue. Queue length = 1
[90m2023-12-28T01:53:40.973Z[39m [32mDEBUG[39m [97m@wdio/browserstack-service[39m [INTERVAL_QUEUE] Success response: {"success":true}
[90m2023-12-28T01:53:41.079Z[39m [32mDEBUG[39m [97m@wdio/browserstack-service[39m Added data to request queue. Queue length = 2
[90m2023-12-28T01:53:41.799Z[39m [32mDEBUG[39m [97m@wdio/browserstack-service[39m Added data to request queue. Queue length = 3
[90m2023-12-28T01:53:42.433Z[39m [32mDEBUG[39m [97m@wdio/browserstack-service[39m Added data to request queue. Queue length = 4
[90m2023-12-28T01:53:42.436Z[39m [32mDEBUG[39m [97m@wdio/browserstack-service[39m Added data to request queue. Queue length = 5
[90m2023-12-28T01:53:42.754Z[39m [32mDEBUG[39m [97m@wdio/browserstack-service[39m Added data to request queue. Queue length = 6
[90m2023-12-28T01:53:42.781Z[39m [32mDEBUG[39m [97m@wdio/browserstack-service[39m Sending data from request queue. Data length = 6, Queue length after removal = 0
[90m2023-12-28T01:53:43.199Z[39m [32mDEBUG[39m [97m@wdio/browserstack-service[39m Added data to request queue. Queue length = 1
[90m2023-12-28T01:53:43.202Z[39m [32mDEBUG[39m [97m@wdio/browserstack-service[39m [INTERVAL_QUEUE] Success response: {"success":true}
[90m2023-12-28T01:53:43.660Z[39m [32mDEBUG[39m [97m@wdio/browserstack-service[39m Added data to request queue. Queue length = 2
[90m2023-12-28T01:53:44.482Z[39m [32mDEBUG[39m [97m@wdio/browserstack-service[39m Added data to request queue. Queue length = 3
[90m2023-12-28T01:53:44.782Z[39m [32mDEBUG[39m [97m@wdio/browserstack-service[39m Sending data from request queue. Data length = 3, Queue length after removal = 0
[90m2023-12-28T01:53:45.227Z[39m [32mDEBUG[39m [97m@wdio/browserstack-service[39m [INTERVAL_QUEUE] Success response: {"success":true}
[90m2023-12-28T01:53:45.317Z[39m [32mDEBUG[39m [97m@wdio/browserstack-service[39m Added data to request queue. Queue length = 1
[90m2023-12-28T01:53:45.375Z[39m [32mDEBUG[39m [97m@wdio/browserstack-service[39m Added data to request queue. Queue length = 2
[90m2023-12-28T01:53:45.649Z[39m [32mDEBUG[39m [97m@wdio/browserstack-service[39m Added data to request queue. Queue length = 3
[90m2023-12-28T01:53:45.724Z[39m [32mDEBUG[39m [97m@wdio/browserstack-service[39m Added data to request queue. Queue length = 4
[90m2023-12-28T01:53:46.018Z[39m [32mDEBUG[39m [97m@wdio/browserstack-service[39m Added data to request queue. Queue length = 5
[90m2023-12-28T01:53:46.783Z[39m [32mDEBUG[39m [97m@wdio/browserstack-service[39m Sending data from request queue. Data length = 5, Queue length after removal = 0
[90m2023-12-28T01:53:47.398Z[39m [32mDEBUG[39m [97m@wdio/browserstack-service[39m [INTERVAL_QUEUE] Success response: {"success":true}
[90m2023-12-28T01:53:49.708Z[39m [32mDEBUG[39m [97m@wdio/browserstack-service[39m Added data to request queue. Queue length = 1
[90m2023-12-28T01:53:50.020Z[39m [32mDEBUG[39m [97m@wdio/browserstack-service[39m Added data to request queue. Queue length = 2
[90m2023-12-28T01:53:50.784Z[39m [32mDEBUG[39m [97m@wdio/browserstack-service[39m Sending data from request queue. Data length = 2, Queue length after removal = 0
[90m2023-12-28T01:53:50.984Z[39m [32mDEBUG[39m [97m@wdio/browserstack-service[39m [INTERVAL_QUEUE] Success response: {"success":true}
[90m2023-12-28T01:53:53.007Z[39m [32mDEBUG[39m [97m@wdio/browserstack-service[39m Added data to request queue. Queue length = 1
[90m2023-12-28T01:53:54.784Z[39m [32mDEBUG[39m [97m@wdio/browserstack-service[39m Sending data from request queue. Data length = 1, Queue length after removal = 0
[90m2023-12-28T01:53:54.997Z[39m [32mDEBUG[39m [97m@wdio/browserstack-service[39m [INTERVAL_QUEUE] Success response: {"success":true}
[90m2023-12-28T01:53:56.380Z[39m [32mDEBUG[39m [97m@wdio/browserstack-service[39m Added data to request queue. Queue length = 1
[90m2023-12-28T01:53:56.785Z[39m [32mDEBUG[39m [97m@wdio/browserstack-service[39m Sending data from request queue. Data length = 1, Queue length after removal = 0
[90m2023-12-28T01:53:57.011Z[39m [32mDEBUG[39m [97m@wdio/browserstack-service[39m [INTERVAL_QUEUE] Success response: {"success":true}
[90m2023-12-28T01:54:00.018Z[39m [32mDEBUG[39m [97m@wdio/browserstack-service[39m Added data to request queue. Queue length = 1
[90m2023-12-28T01:54:00.786Z[39m [32mDEBUG[39m [97m@wdio/browserstack-service[39m Sending data from request queue. Data length = 1, Queue length after removal = 0
[90m2023-12-28T01:54:00.908Z[39m [32mDEBUG[39m [97m@wdio/browserstack-service[39m Added data to request queue. Queue length = 1
[90m2023-12-28T01:54:01.019Z[39m [32mDEBUG[39m [97m@wdio/browserstack-service[39m [INTERVAL_QUEUE] Success response: {"success":true}
[90m2023-12-28T01:54:01.242Z[39m [32mDEBUG[39m [97m@wdio/browserstack-service[39m Added data to request queue. Queue length = 2
[90m2023-12-28T01:54:01.550Z[39m [32mDEBUG[39m [97m@wdio/browserstack-service[39m Added data to request queue. Queue length = 3
[90m2023-12-28T01:54:01.551Z[39m [32mDEBUG[39m [97m@wdio/browserstack-service[39m Added data to request queue. Queue length = 4
[90m2023-12-28T01:54:01.824Z[39m [32mDEBUG[39m [97m@wdio/browserstack-service[39m Added data to request queue. Queue length = 5
[90m2023-12-28T01:54:02.083Z[39m [32mDEBUG[39m [97m@wdio/browserstack-service[39m Added data to request queue. Queue length = 6
[90m2023-12-28T01:54:02.395Z[39m [32mDEBUG[39m [97m@wdio/browserstack-service[39m Added data to request queue. Queue length = 7
[90m2023-12-28T01:54:02.787Z[39m [32mDEBUG[39m [97m@wdio/browserstack-service[39m Sending data from request queue. Data length = 7, Queue length after removal = 0
[90m2023-12-28T01:54:03.003Z[39m [32mDEBUG[39m [97m@wdio/browserstack-service[39m [INTERVAL_QUEUE] Success response: {"success":true}
[90m2023-12-28T01:54:03.599Z[39m [32mDEBUG[39m [97m@wdio/browserstack-service[39m Added data to request queue. Queue length = 1
[90m2023-12-28T01:54:03.858Z[39m [32mDEBUG[39m [97m@wdio/browserstack-service[39m Added data to request queue. Queue length = 2
[90m2023-12-28T01:54:04.148Z[39m [32mDEBUG[39m [97m@wdio/browserstack-service[39m Added data to request queue. Queue length = 3
[90m2023-12-28T01:54:04.787Z[39m [32mDEBUG[39m [97m@wdio/browserstack-service[39m Sending data from request queue. Data length = 3, Queue length after removal = 0
[90m2023-12-28T01:54:04.979Z[39m [32mDEBUG[39m [97m@wdio/browserstack-service[39m [INTERVAL_QUEUE] Success response: {"success":true}
[90m2023-12-28T01:54:05.274Z[39m [32mDEBUG[39m [97m@wdio/browserstack-service[39m Added data to request queue. Queue length = 1
[90m2023-12-28T01:54:05.579Z[39m [32mDEBUG[39m [97m@wdio/browserstack-service[39m Added data to request queue. Queue length = 2
[90m2023-12-28T01:54:06.785Z[39m [32mDEBUG[39m [97m@wdio/browserstack-service[39m Added data to request queue. Queue length = 3
[90m2023-12-28T01:54:06.787Z[39m [32mDEBUG[39m [97m@wdio/browserstack-service[39m Sending data from request queue. Data length = 3, Queue length after removal = 0
[90m2023-12-28T01:54:06.996Z[39m [32mDEBUG[39m [97m@wdio/browserstack-service[39m [INTERVAL_QUEUE] Success response: {"success":true}
[90m2023-12-28T01:54:07.071Z[39m [32mDEBUG[39m [97m@wdio/browserstack-service[39m Added data to request queue. Queue length = 1
[90m2023-12-28T01:54:08.288Z[39m [32mDEBUG[39m [97m@wdio/browserstack-service[39m Added data to request queue. Queue length = 2
[90m2023-12-28T01:54:08.788Z[39m [32mDEBUG[39m [97m@wdio/browserstack-service[39m Sending data from request queue. Data length = 2, Queue length after removal = 0
[90m2023-12-28T01:54:08.849Z[39m [32mDEBUG[39m [97m@wdio/browserstack-service[39m Added data to request queue. Queue length = 1
[90m2023-12-28T01:54:08.982Z[39m [32mDEBUG[39m [97m@wdio/browserstack-service[39m [INTERVAL_QUEUE] Success response: {"success":true}
[90m2023-12-28T01:54:09.951Z[39m [32mDEBUG[39m [97m@wdio/browserstack-service[39m Added data to request queue. Queue length = 2
[90m2023-12-28T01:54:10.312Z[39m [32mDEBUG[39m [97m@wdio/browserstack-service[39m Added data to request queue. Queue length = 3
[90m2023-12-28T01:54:10.788Z[39m [32mDEBUG[39m [97m@wdio/browserstack-service[39m Sending data from request queue. Data length = 3, Queue length after removal = 0
[90m2023-12-28T01:54:11.520Z[39m [32mDEBUG[39m [97m@wdio/browserstack-service[39m [INTERVAL_QUEUE] Success response: {"success":true}
[90m2023-12-28T01:54:11.524Z[39m [32mDEBUG[39m [97m@wdio/browserstack-service[39m Added data to request queue. Queue length = 1
[90m2023-12-28T01:54:11.857Z[39m [32mDEBUG[39m [97m@wdio/browserstack-service[39m Added data to request queue. Queue length = 2
[90m2023-12-28T01:54:12.184Z[39m [32mDEBUG[39m [97m@wdio/browserstack-service[39m Added data to request queue. Queue length = 3
[90m2023-12-28T01:54:12.788Z[39m [32mDEBUG[39m [97m@wdio/browserstack-service[39m Sending data from request queue. Data length = 3, Queue length after removal = 0
[90m2023-12-28T01:54:12.986Z[39m [32mDEBUG[39m [97m@wdio/browserstack-service[39m [INTERVAL_QUEUE] Success response: {"success":true}
[90m2023-12-28T01:54:13.453Z[39m [32mDEBUG[39m [97m@wdio/browserstack-service[39m Added data to request queue. Queue length = 1
[90m2023-12-28T01:54:14.790Z[39m [32mDEBUG[39m [97m@wdio/browserstack-service[39m Sending data from request queue. Data length = 1, Queue length after removal = 0
[90m2023-12-28T01:54:14.985Z[39m [32mDEBUG[39m [97m@wdio/browserstack-service[39m [INTERVAL_QUEUE] Success response: {"success":true}
[90m2023-12-28T01:54:20.040Z[39m [32mDEBUG[39m [97m@wdio/browserstack-service[39m Added data to request queue. Queue length = 1
[90m2023-12-28T01:54:20.362Z[39m [32mDEBUG[39m [97m@wdio/browserstack-service[39m Added data to request queue. Queue length = 2
[90m2023-12-28T01:54:20.370Z[39m [32mDEBUG[39m [97m@wdio/browserstack-service[39m Added data to request queue. Queue length = 3
[90m2023-12-28T01:54:20.372Z[39m [32mDEBUG[39m [97m@wdio/browserstack-service[39m Added data to request queue. Queue length = 4
[90m2023-12-28T01:54:20.791Z[39m [32mDEBUG[39m [97m@wdio/browserstack-service[39m Sending data from request queue. Data length = 4, Queue length after removal = 0
[90m2023-12-28T01:54:21.011Z[39m [32mDEBUG[39m [97m@wdio/browserstack-service[39m Added data to request queue. Queue length = 1
[90m2023-12-28T01:54:21.056Z[39m [32mDEBUG[39m [97m@wdio/browserstack-service[39m [INTERVAL_QUEUE] Success response: {"success":true}
[90m2023-12-28T01:54:22.792Z[39m [32mDEBUG[39m [97m@wdio/browserstack-service[39m Sending data from request queue. Data length = 1, Queue length after removal = 0
[90m2023-12-28T01:54:22.991Z[39m [32mDEBUG[39m [97m@wdio/browserstack-service[39m [INTERVAL_QUEUE] Success response: {"success":true}
[90m2023-12-28T01:54:47.651Z[39m [96mINFO[39m [97m@wdio/browserstack-service[39m Update (reloaded) job with sessionId 93fa84f402372d59b691912962b42717c288350a, failed
[90m2023-12-28T01:54:47.651Z[39m [32mDEBUG[39m [97m@wdio/browserstack-service[39m Updating Browserstack session at https://api-cloud.browserstack.com/app-automate/sessions/93fa84f402372d59b691912962b42717c288350a.json with request body: 
[90m2023-12-28T01:54:49.845Z[39m [32mDEBUG[39m [97m@wdio/browserstack-service[39m Requesting Browserstack session URL at https://api-cloud.browserstack.com/app-automate/sessions/4a911feeadaa8651dc837bfab840ed23328d3ba3.json
[90m2023-12-28T01:54:50.551Z[39m [96mINFO[39m [97m@wdio/browserstack-service[39m  session: https://app-automate.browserstack.com/builds/a80f5653567bbbf6304ae7f26225654ff6976235/sessions/4a911feeadaa8651dc837bfab840ed23328d3ba3
[90m2023-12-28T01:54:50.551Z[39m [32mDEBUG[39m [97m@wdio/browserstack-service[39m Added data to request queue. Queue length = 1
[90m2023-12-28T01:54:50.554Z[39m [96mINFO[39m [97m@wdio/browserstack-service[39m Update job with sessionId 4a911feeadaa8651dc837bfab840ed23328d3ba3
[90m2023-12-28T01:54:50.554Z[39m [32mDEBUG[39m [97m@wdio/browserstack-service[39m Updating Browserstack session at https://api-cloud.browserstack.com/app-automate/sessions/4a911feeadaa8651dc837bfab840ed23328d3ba3.json with request body: 
[90m2023-12-28T01:54:50.802Z[39m [32mDEBUG[39m [97m@wdio/browserstack-service[39m Sending data from request queue. Data length = 1, Queue length after removal = 0
[90m2023-12-28T01:54:50.995Z[39m [32mDEBUG[39m [97m@wdio/browserstack-service[39m [INTERVAL_QUEUE] Success response: {"success":true}
[90m2023-12-28T01:54:51.035Z[39m [32mDEBUG[39m [97m@wdio/browserstack-service[39m Shutting down request queue
[90m2023-12-28T01:54:52.064Z[39m [32mDEBUG[39m [97m@wdio/browserstack-service[39m Added data to request queue. Queue length = 1
[90m2023-12-28T01:54:52.064Z[39m [32mDEBUG[39m [97m@wdio/browserstack-service[39m Force request-queue shutdown, as test run event is received after teardown
[90m2023-12-28T01:54:52.064Z[39m [32mDEBUG[39m [97m@wdio/browserstack-service[39m Resetting request queue
[90m2023-12-28T01:54:52.064Z[39m [32mDEBUG[39m [97m@wdio/browserstack-service[39m Sending data from request queue. Data length = 1, Queue length after removal = 0
[90m2023-12-28T01:54:52.199Z[39m [32mDEBUG[39m [97m@wdio/browserstack-service[39m Inside OnComplete hook..
[90m2023-12-28T01:54:52.199Z[39m [32mDEBUG[39m [97m@wdio/browserstack-service[39m Sending stop launch event
[90m2023-12-28T01:54:54.197Z[39m [32mDEBUG[39m [97m@wdio/browserstack-service[39m [STOP_BUILD] Success response: ""
[90m2023-12-28T01:54:55.341Z[39m [32mDEBUG[39m [97m@wdio/browserstack-service[39m Response - {
  status: 'success',
  message: 'Logs upload successful in file - logs.gz'
}
